<?xml version="1.0" encoding="UTF-8"?>
<!-- Generated by org.testng.reporters.JUnitReportReporter -->
<testsuite hostname="ShwetaHome" failures="0" tests="1" name="com.test.tests.RestApi_assignment" time="5.604" errors="0" timestamp="2022-10-21T09:42:38 PDT" skipped="0">
  <testcase classname="com.test.tests.RestApi_assignment" name="test_01" time="5.604"/>
  <system-out/>
</testsuite> <!-- com.test.tests.RestApi_assignment -->
