<?xml version="1.0" encoding="UTF-8"?>
<!-- Generated by org.testng.reporters.JUnitReportReporter -->
<testsuite hostname="ShwetaHome" failures="0" tests="4" name="com.test.tests.ApiTests" time="1.741" errors="0" timestamp="2022-10-19T16:41:55 PDT" skipped="3">
  <testcase classname="com.test.tests.ApiTests" name="test_3delete" time="1.741"/>
  <system-out/>
  <testcase classname="com.test.tests.ApiTests" name="test_3Put">
    <skipped/>
  </testcase> <!-- test_3Put -->
  <system-out/>
  <testcase classname="com.test.tests.ApiTests" name="test_2Post">
    <skipped/>
  </testcase> <!-- test_2Post -->
  <system-out/>
  <testcase classname="com.test.tests.ApiTests" name="test_01Get">
    <skipped/>
  </testcase> <!-- test_01Get -->
  <system-out/>
</testsuite> <!-- com.test.tests.ApiTests -->
